<?xml version="1.0" encoding="UTF-8"?>
<!-- Generated by org.testng.reporters.JUnitXMLReporter -->
<testsuite hostname="cvg-000211M-090" ignored="0" name="TestAllTest" tests="10" failures="2" timestamp="07 Dec 2018 16:48:44 GMT" time="10.234" errors="0">
  <testcase name="sampleTest0" time="0.007" classname="whTestPkg.BasicExtentReportExample"/>
  <testcase name="sampleTest1" time="0.001" classname="whTestPkg.BasicExtentReportExample"/>
  <testcase name="sampleTest2" time="0.001" classname="whTestPkg.BasicExtentReportExample"/>
  <testcase name="sampleTest4" time="0.001" classname="whTestPkg.BasicExtentReportExample"/>
  <testcase name="whTestReport" time="0.052" classname="whTestPkg.BasicExtentReportExample"/>
  <testcase name="googleSearch" time="1.855" classname="whTestPkg.tstGoogleSearch"/>
  <testcase name="sampleTest0" time="0.0" classname="whTestPkg.tstGoogleSearch"/>
  <testcase name="sampleTest1" time="0.004" classname="whTestPkg.tstGoogleSearch">
    <failure type="java.lang.AssertionError" message="expected [true] but found [false]">
      <![CDATA[java.lang.AssertionError: expected [true] but found [false]
at whTestPkg.tstGoogleSearch.sampleTest1(tstGoogleSearch.java:49)
... Removed 29 stack frames]]>
    </failure>
  </testcase> <!-- sampleTest1 -->
  <testcase name="sampleTest2" time="0.001" classname="whTestPkg.tstGoogleSearch"/>
  <testcase name="sampleTest4" time="0.001" classname="whTestPkg.tstGoogleSearch">
    <failure type="java.lang.AssertionError" message="expected [true] but found [false]">
      <![CDATA[java.lang.AssertionError: expected [true] but found [false]
at whTestPkg.tstGoogleSearch.sampleTest4(tstGoogleSearch.java:59)
... Removed 29 stack frames]]>
    </failure>
  </testcase> <!-- sampleTest4 -->
</testsuite> <!-- TestAllTest -->
