<?xml version="1.0" encoding="UTF-8"?>
<!-- Generated by org.testng.reporters.JUnitXMLReporter -->
<testsuite hostname="cvg-000211M-090" ignored="0" name="TestWH1" tests="5" failures="2" timestamp="07 Dec 2018 16:44:28 GMT" time="9.133" errors="0">
  <testcase name="googleSearch" time="2.523" classname="whTestPkg.tstGoogleSearch"/>
  <testcase name="sampleTest0" time="0.008" classname="whTestPkg.tstGoogleSearch"/>
  <testcase name="sampleTest1" time="0.005" classname="whTestPkg.tstGoogleSearch">
    <failure type="java.lang.AssertionError" message="expected [true] but found [false]">
      <![CDATA[java.lang.AssertionError: expected [true] but found [false]
at whTestPkg.tstGoogleSearch.sampleTest1(tstGoogleSearch.java:49)
... Removed 29 stack frames]]>
    </failure>
  </testcase> <!-- sampleTest1 -->
  <testcase name="sampleTest2" time="0.001" classname="whTestPkg.tstGoogleSearch"/>
  <testcase name="sampleTest4" time="0.0" classname="whTestPkg.tstGoogleSearch">
    <failure type="java.lang.AssertionError" message="expected [true] but found [false]">
      <![CDATA[java.lang.AssertionError: expected [true] but found [false]
at whTestPkg.tstGoogleSearch.sampleTest4(tstGoogleSearch.java:59)
... Removed 29 stack frames]]>
    </failure>
  </testcase> <!-- sampleTest4 -->
</testsuite> <!-- TestWH1 -->
